{"D:\\Projects\\Personal\\React\\Ness-react\\src\\lib\\Calculator.ts": {"path":"D:\\Projects\\Personal\\React\\Ness-react\\src\\lib\\Calculator.ts","statementMap":{"0":{"start":{"line":13,"column":4},"end":{"line":13,"column":null}},"1":{"start":{"line":17,"column":4},"end":{"line":17,"column":null}},"2":{"start":{"line":21,"column":4},"end":{"line":21,"column":null}},"3":{"start":{"line":25,"column":4},"end":{"line":27,"column":null}},"4":{"start":{"line":26,"column":6},"end":{"line":26,"column":null}},"5":{"start":{"line":28,"column":4},"end":{"line":28,"column":null}}},"fnMap":{"0":{"name":"(anonymous_0)","decl":{"start":{"line":12,"column":2},"end":{"line":12,"column":6}},"loc":{"start":{"line":12,"column":36},"end":{"line":14,"column":null}},"line":12},"1":{"name":"(anonymous_1)","decl":{"start":{"line":16,"column":2},"end":{"line":16,"column":11}},"loc":{"start":{"line":16,"column":41},"end":{"line":18,"column":null}},"line":16},"2":{"name":"(anonymous_2)","decl":{"start":{"line":20,"column":2},"end":{"line":20,"column":11}},"loc":{"start":{"line":20,"column":41},"end":{"line":22,"column":null}},"line":20},"3":{"name":"(anonymous_3)","decl":{"start":{"line":24,"column":2},"end":{"line":24,"column":9}},"loc":{"start":{"line":24,"column":39},"end":{"line":29,"column":null}},"line":24}},"branchMap":{"0":{"loc":{"start":{"line":25,"column":4},"end":{"line":27,"column":null}},"type":"if","locations":[{"start":{"line":25,"column":4},"end":{"line":27,"column":null}},{"start":{},"end":{}}],"line":25}},"s":{"0":4,"1":3,"2":3,"3":3,"4":1,"5":2},"f":{"0":4,"1":3,"2":3,"3":3},"b":{"0":[1,2]},"meta":{"lastBranch":1,"lastFunction":4,"lastStatement":6,"seen":{"f:12:2:12:6":0,"s:13:4:13:Infinity":0,"f:16:2:16:11":1,"s:17:4:17:Infinity":1,"f:20:2:20:11":2,"s:21:4:21:Infinity":2,"f:24:2:24:9":3,"b:25:4:27:Infinity:undefined:undefined:undefined:undefined":0,"s:25:4:27:Infinity":3,"s:26:6:26:Infinity":4,"s:28:4:28:Infinity":5}}}
,"D:\\Projects\\Personal\\React\\Ness-react\\src\\lib\\Shape.ts": {"path":"D:\\Projects\\Personal\\React\\Ness-react\\src\\lib\\Shape.ts","statementMap":{"0":{"start":{"line":9,"column":4},"end":{"line":9,"column":null}},"1":{"start":{"line":17,"column":4},"end":{"line":17,"column":null}},"2":{"start":{"line":21,"column":4},"end":{"line":21,"column":null}},"3":{"start":{"line":30,"column":4},"end":{"line":30,"column":null}},"4":{"start":{"line":31,"column":4},"end":{"line":31,"column":null}},"5":{"start":{"line":32,"column":4},"end":{"line":32,"column":null}},"6":{"start":{"line":36,"column":4},"end":{"line":36,"column":null}},"7":{"start":{"line":40,"column":4},"end":{"line":40,"column":null}},"8":{"start":{"line":44,"column":4},"end":{"line":44,"column":null}},"9":{"start":{"line":48,"column":4},"end":{"line":48,"column":null}},"10":{"start":{"line":52,"column":4},"end":{"line":52,"column":null}},"11":{"start":{"line":53,"column":4},"end":{"line":53,"column":null}},"12":{"start":{"line":61,"column":4},"end":{"line":61,"column":null}},"13":{"start":{"line":62,"column":4},"end":{"line":62,"column":null}},"14":{"start":{"line":66,"column":4},"end":{"line":66,"column":null}},"15":{"start":{"line":70,"column":4},"end":{"line":70,"column":null}},"16":{"start":{"line":74,"column":4},"end":{"line":74,"column":null}},"17":{"start":{"line":78,"column":4},"end":{"line":78,"column":null}},"18":{"start":{"line":83,"column":28},"end":{"line":83,"column":null}},"19":{"start":{"line":86,"column":4},"end":{"line":86,"column":null}},"20":{"start":{"line":90,"column":4},"end":{"line":92,"column":null}},"21":{"start":{"line":91,"column":6},"end":{"line":91,"column":null}},"22":{"start":{"line":96,"column":4},"end":{"line":96,"column":null}},"23":{"start":{"line":100,"column":4},"end":{"line":100,"column":null}},"24":{"start":{"line":100,"column":48},"end":{"line":100,"column":79}},"25":{"start":{"line":104,"column":4},"end":{"line":106,"column":null}},"26":{"start":{"line":105,"column":6},"end":{"line":105,"column":null}},"27":{"start":{"line":108,"column":4},"end":{"line":110,"column":null}},"28":{"start":{"line":109,"column":6},"end":{"line":109,"column":null}}},"fnMap":{"0":{"name":"(anonymous_0)","decl":{"start":{"line":8,"column":2},"end":{"line":8,"column":14}},"loc":{"start":{"line":8,"column":39},"end":{"line":10,"column":null}},"line":8},"1":{"name":"(anonymous_1)","decl":{"start":{"line":16,"column":2},"end":{"line":16,"column":21}},"loc":{"start":{"line":16,"column":21},"end":{"line":18,"column":null}},"line":16},"2":{"name":"(anonymous_2)","decl":{"start":{"line":20,"column":2},"end":{"line":20,"column":11}},"loc":{"start":{"line":20,"column":32},"end":{"line":22,"column":null}},"line":20},"3":{"name":"(anonymous_3)","decl":{"start":{"line":29,"column":2},"end":{"line":29,"column":14}},"loc":{"start":{"line":29,"column":70},"end":{"line":33,"column":null}},"line":29},"4":{"name":"(anonymous_4)","decl":{"start":{"line":35,"column":2},"end":{"line":35,"column":26}},"loc":{"start":{"line":35,"column":26},"end":{"line":37,"column":null}},"line":35},"5":{"name":"(anonymous_5)","decl":{"start":{"line":39,"column":2},"end":{"line":39,"column":31}},"loc":{"start":{"line":39,"column":31},"end":{"line":41,"column":null}},"line":39},"6":{"name":"(anonymous_6)","decl":{"start":{"line":43,"column":2},"end":{"line":43,"column":21}},"loc":{"start":{"line":43,"column":21},"end":{"line":45,"column":null}},"line":43},"7":{"name":"(anonymous_7)","decl":{"start":{"line":47,"column":2},"end":{"line":47,"column":22}},"loc":{"start":{"line":47,"column":22},"end":{"line":49,"column":null}},"line":47},"8":{"name":"(anonymous_8)","decl":{"start":{"line":51,"column":2},"end":{"line":51,"column":16}},"loc":{"start":{"line":51,"column":53},"end":{"line":54,"column":null}},"line":51},"9":{"name":"(anonymous_9)","decl":{"start":{"line":60,"column":2},"end":{"line":60,"column":14}},"loc":{"start":{"line":60,"column":55},"end":{"line":63,"column":null}},"line":60},"10":{"name":"(anonymous_10)","decl":{"start":{"line":65,"column":2},"end":{"line":65,"column":26}},"loc":{"start":{"line":65,"column":26},"end":{"line":67,"column":null}},"line":65},"11":{"name":"(anonymous_11)","decl":{"start":{"line":69,"column":2},"end":{"line":69,"column":31}},"loc":{"start":{"line":69,"column":31},"end":{"line":71,"column":null}},"line":69},"12":{"name":"(anonymous_12)","decl":{"start":{"line":73,"column":2},"end":{"line":73,"column":22}},"loc":{"start":{"line":73,"column":22},"end":{"line":75,"column":null}},"line":73},"13":{"name":"(anonymous_13)","decl":{"start":{"line":77,"column":2},"end":{"line":77,"column":12}},"loc":{"start":{"line":77,"column":34},"end":{"line":79,"column":null}},"line":77},"14":{"name":"(anonymous_14)","decl":{"start":{"line":85,"column":2},"end":{"line":85,"column":11}},"loc":{"start":{"line":85,"column":31},"end":{"line":87,"column":null}},"line":85},"15":{"name":"(anonymous_15)","decl":{"start":{"line":89,"column":2},"end":{"line":89,"column":14}},"loc":{"start":{"line":89,"column":35},"end":{"line":93,"column":null}},"line":89},"16":{"name":"(anonymous_16)","decl":{"start":{"line":95,"column":2},"end":{"line":95,"column":26}},"loc":{"start":{"line":95,"column":26},"end":{"line":97,"column":null}},"line":95},"17":{"name":"(anonymous_17)","decl":{"start":{"line":99,"column":2},"end":{"line":99,"column":25}},"loc":{"start":{"line":99,"column":25},"end":{"line":101,"column":null}},"line":99},"18":{"name":"(anonymous_18)","decl":{"start":{"line":100,"column":30},"end":{"line":100,"column":31}},"loc":{"start":{"line":100,"column":48},"end":{"line":100,"column":79}},"line":100},"19":{"name":"(anonymous_19)","decl":{"start":{"line":103,"column":2},"end":{"line":103,"column":40}},"loc":{"start":{"line":103,"column":40},"end":{"line":111,"column":null}},"line":103},"20":{"name":"(anonymous_20)","decl":{"start":{"line":108,"column":30},"end":{"line":108,"column":31}},"loc":{"start":{"line":109,"column":6},"end":{"line":109,"column":null}},"line":109}},"branchMap":{"0":{"loc":{"start":{"line":8,"column":14},"end":{"line":8,"column":39}},"type":"default-arg","locations":[{"start":{"line":8,"column":30},"end":{"line":8,"column":39}}],"line":8},"1":{"loc":{"start":{"line":29,"column":45},"end":{"line":29,"column":70}},"type":"default-arg","locations":[{"start":{"line":29,"column":61},"end":{"line":29,"column":70}}],"line":29},"2":{"loc":{"start":{"line":60,"column":30},"end":{"line":60,"column":55}},"type":"default-arg","locations":[{"start":{"line":60,"column":46},"end":{"line":60,"column":55}}],"line":60},"3":{"loc":{"start":{"line":90,"column":4},"end":{"line":92,"column":null}},"type":"if","locations":[{"start":{"line":90,"column":4},"end":{"line":92,"column":null}},{"start":{},"end":{}}],"line":90},"4":{"loc":{"start":{"line":90,"column":8},"end":{"line":90,"column":50}},"type":"binary-expr","locations":[{"start":{"line":90,"column":8},"end":{"line":90,"column":22}},{"start":{"line":90,"column":22},"end":{"line":90,"column":50}}],"line":90},"5":{"loc":{"start":{"line":104,"column":4},"end":{"line":106,"column":null}},"type":"if","locations":[{"start":{"line":104,"column":4},"end":{"line":106,"column":null}},{"start":{},"end":{}}],"line":104},"6":{"loc":{"start":{"line":109,"column":6},"end":{"line":109,"column":null}},"type":"cond-expr","locations":[{"start":{"line":109,"column":58},"end":{"line":109,"column":68}},{"start":{"line":109,"column":68},"end":{"line":109,"column":null}}],"line":109}},"s":{"0":26,"1":4,"2":2,"3":14,"4":14,"5":14,"6":6,"7":1,"8":2,"9":2,"10":1,"11":1,"12":12,"13":12,"14":3,"15":1,"16":2,"17":1,"18":5,"19":8,"20":1,"21":1,"22":2,"23":1,"24":2,"25":2,"26":1,"27":1,"28":1},"f":{"0":26,"1":4,"2":2,"3":14,"4":6,"5":1,"6":2,"7":2,"8":1,"9":12,"10":3,"11":1,"12":2,"13":1,"14":8,"15":1,"16":2,"17":1,"18":2,"19":2,"20":1},"b":{"0":[26],"1":[14],"2":[12],"3":[1,0],"4":[1,1],"5":[1,1],"6":[1,0]},"meta":{"lastBranch":7,"lastFunction":21,"lastStatement":29,"seen":{"f:8:2:8:14":0,"b:8:30:8:39":0,"s:9:4:9:Infinity":0,"f:16:2:16:21":1,"s:17:4:17:Infinity":1,"f:20:2:20:11":2,"s:21:4:21:Infinity":2,"f:29:2:29:14":3,"b:29:61:29:70":1,"s:30:4:30:Infinity":3,"s:31:4:31:Infinity":4,"s:32:4:32:Infinity":5,"f:35:2:35:26":4,"s:36:4:36:Infinity":6,"f:39:2:39:31":5,"s:40:4:40:Infinity":7,"f:43:2:43:21":6,"s:44:4:44:Infinity":8,"f:47:2:47:22":7,"s:48:4:48:Infinity":9,"f:51:2:51:16":8,"s:52:4:52:Infinity":10,"s:53:4:53:Infinity":11,"f:60:2:60:14":9,"b:60:46:60:55":2,"s:61:4:61:Infinity":12,"s:62:4:62:Infinity":13,"f:65:2:65:26":10,"s:66:4:66:Infinity":14,"f:69:2:69:31":11,"s:70:4:70:Infinity":15,"f:73:2:73:22":12,"s:74:4:74:Infinity":16,"f:77:2:77:12":13,"s:78:4:78:Infinity":17,"s:83:28:83:Infinity":18,"f:85:2:85:11":14,"s:86:4:86:Infinity":19,"f:89:2:89:14":15,"b:90:4:92:Infinity:undefined:undefined:undefined:undefined":3,"s:90:4:92:Infinity":20,"b:90:8:90:22:90:22:90:50":4,"s:91:6:91:Infinity":21,"f:95:2:95:26":16,"s:96:4:96:Infinity":22,"f:99:2:99:25":17,"s:100:4:100:Infinity":23,"f:100:30:100:31":18,"s:100:48:100:79":24,"f:103:2:103:40":19,"b:104:4:106:Infinity:undefined:undefined:undefined:undefined":5,"s:104:4:106:Infinity":25,"s:105:6:105:Infinity":26,"s:108:4:110:Infinity":27,"f:108:30:108:31":20,"s:109:6:109:Infinity":28,"b:109:58:109:68:109:68:109:Infinity":6}}}
}
